生成启动时间为 2018-11-25 16:01:37。
     1>项目“F:\代码\Encode\Encode\Encode.vcxproj”在节点 2 上(Build 个目标)。
     1>ClCompile:
         F:\visual studio 2013install\VC\bin\CL.exe /c /ZI /nologo /W3 /WX- /Od /Oy- /D WIN32 /D _DEBUG /D _CONSOLE /D _LIB /D _UNICODE /D UNICODE /Gm /EHsc /RTC1 /MDd /GS /fp:precise /Zc:wchar_t /Zc:forScope /Fo"Debug\\" /Fd"Debug\vc120.pdb" /Gd /TC /analyze- /errorReport:prompt main.c
         main.c
     1>f:\代码\encode\encode\main.c(35): warning C4047: “函数”:“char *”与“const char (*)[64]”的间接级别不同
     1>f:\代码\encode\encode\main.c(35): warning C4024: “EncodeChar”: 形参和实参 1 的类型不同
     1>f:\代码\encode\encode\main.c(43): warning C4047: “函数”:“char *”与“const char (*)[64]”的间接级别不同
     1>f:\代码\encode\encode\main.c(43): warning C4024: “EncodeChar”: 形参和实参 1 的类型不同
     1>f:\代码\encode\encode\main.c(174): warning C4090: “函数”: 不同的“const”限定符
     1>f:\代码\encode\encode\main.c(295): warning C4098: “Write_To_File”:“void”函数返回值
     1>f:\代码\encode\encode\main.c(302): warning C4098: “Write_To_File”:“void”函数返回值
     1>f:\代码\encode\encode\main.c(266): warning C4715: “Uncode”: 不是所有的控件路径都返回值
     1>f:\代码\encode\encode\main.c(150): warning C4715: “Encode”: 不是所有的控件路径都返回值
       Link:
         F:\visual studio 2013install\VC\bin\link.exe /ERRORREPORT:PROMPT /OUT:"F:\代码\Encode\Debug\Encode.exe" /INCREMENTAL /NOLOGO kernel32.lib user32.lib gdi32.lib winspool.lib comdlg32.lib advapi32.lib shell32.lib ole32.lib oleaut32.lib uuid.lib odbc32.lib odbccp32.lib /MANIFEST /MANIFESTUAC:"level='asInvoker' uiAccess='false'" /manifest:embed /DEBUG /PDB:"F:\代码\Encode\Debug\Encode.pdb" /SUBSYSTEM:CONSOLE /TLBID:1 /DYNAMICBASE /NXCOMPAT /IMPLIB:"F:\代码\Encode\Debug\Encode.lib" /MACHINE:X86 Debug\itcastderlog.obj
         Debug\itcast_asn1_der.obj
         Debug\main.obj
         Encode.vcxproj -> F:\代码\Encode\Debug\Encode.exe
     1>已完成生成项目“F:\代码\Encode\Encode\Encode.vcxproj”(Build 个目标)的操作。

生成成功。

已用时间 00:00:02.31
